Created temporary directory for job scripts: /tmp/tmp.Fl9x1NOKcs
Submitting training job: sbatch /tmp/tmp.Fl9x1NOKcs/run_baseline.sh
Submitted training job baseline with ID: 11541297
Submitting evaluation job with dependency on job 11541297
Submitted evaluation job for baseline with ID: 11541298
Submitting training job: sbatch /tmp/tmp.Fl9x1NOKcs/run_latent_64.sh
Submitted training job latent_64 with ID: 11541299
Submitting evaluation job with dependency on job 11541299
Submitted evaluation job for latent_64 with ID: 11541300
Submitting training job: sbatch /tmp/tmp.Fl9x1NOKcs/run_latent_16.sh
Submitted training job latent_16 with ID: 11541301
Submitting evaluation job with dependency on job 11541301
Submitted evaluation job for latent_16 with ID: 11541302
Submitting training job: sbatch /tmp/tmp.Fl9x1NOKcs/run_codebook_128.sh
Submitted training job codebook_128 with ID: 11541303
Submitting evaluation job with dependency on job 11541303
Submitted evaluation job for codebook_128 with ID: 11541304
Submitting training job: sbatch /tmp/tmp.Fl9x1NOKcs/run_codebook_32.sh
Submitted training job codebook_32 with ID: 11541305
Submitting evaluation job with dependency on job 11541305
Submitted evaluation job for codebook_32 with ID: 11541306
Submitting training job: sbatch /tmp/tmp.Fl9x1NOKcs/run_lr_med.sh
Submitted training job lr_med with ID: 11541307
Submitting evaluation job with dependency on job 11541307
Submitted evaluation job for lr_med with ID: 11541308
Submitting training job: sbatch /tmp/tmp.Fl9x1NOKcs/run_lr_high.sh
Submitted training job lr_high with ID: 11541309
Submitting evaluation job with dependency on job 11541309
Submitted evaluation job for lr_high with ID: 11541310
Submitting training job: sbatch /tmp/tmp.Fl9x1NOKcs/run_disc_early.sh
Submitted training job disc_early with ID: 11541311
Submitting evaluation job with dependency on job 11541311
Submitted evaluation job for disc_early with ID: 11541312
Submitting training job: sbatch /tmp/tmp.Fl9x1NOKcs/run_disc_none.sh
Submitted training job disc_none with ID: 11541313
Submitting evaluation job with dependency on job 11541313
Submitted evaluation job for disc_none with ID: 11541314
Submitting training job: sbatch /tmp/tmp.Fl9x1NOKcs/run_spec_norm_disc.sh
Submitted training job spec_norm_disc with ID: 11541315
Submitting evaluation job with dependency on job 11541315
Submitted evaluation job for spec_norm_disc with ID: 11541316
Submitting training job: sbatch /tmp/tmp.Fl9x1NOKcs/run_spec_norm_half_disc.sh
Submitted training job spec_norm_half_disc with ID: 11541317
Submitting evaluation job with dependency on job 11541317
Submitted evaluation job for spec_norm_half_disc with ID: 11541318
Submitting training job: sbatch /tmp/tmp.Fl9x1NOKcs/run_spec_norm_no_disc.sh
Submitted training job spec_norm_no_disc with ID: 11541319
Submitting evaluation job with dependency on job 11541319
Submitted evaluation job for spec_norm_no_disc with ID: 11541320
Submitting training job: sbatch /tmp/tmp.Fl9x1NOKcs/run_net_med.sh
Submitted training job net_med with ID: 11541321
Submitting evaluation job with dependency on job 11541321
Submitted evaluation job for net_med with ID: 11541322
Submitting training job: sbatch /tmp/tmp.Fl9x1NOKcs/run_net_hybrid.sh
Submitted training job net_hybrid with ID: 11541323
Submitting evaluation job with dependency on job 11541323
Submitted evaluation job for net_hybrid with ID: 11541324
Submitting training job: sbatch /tmp/tmp.Fl9x1NOKcs/run_net_small.sh
Submitted training job net_small with ID: 11541325
Submitting evaluation job with dependency on job 11541325
Submitted evaluation job for net_small with ID: 11541326
Submitting training job: sbatch /tmp/tmp.Fl9x1NOKcs/run_res_more.sh
Submitted training job res_more with ID: 11541327
Submitting evaluation job with dependency on job 11541327
Submitted evaluation job for res_more with ID: 11541328
Submitting training job: sbatch /tmp/tmp.Fl9x1NOKcs/run_res_less.sh
Submitted training job res_less with ID: 11541329
Submitting evaluation job with dependency on job 11541329
Submitted evaluation job for res_less with ID: 11541330
Submitting training job: sbatch /tmp/tmp.Fl9x1NOKcs/run_attn_med.sh
Submitted training job attn_med with ID: 11541331
Submitting evaluation job with dependency on job 11541331
Submitted evaluation job for attn_med with ID: 11541332
Submitting training job: sbatch /tmp/tmp.Fl9x1NOKcs/run_attn_high.sh
Submitted training job attn_high with ID: 11541333
Submitting evaluation job with dependency on job 11541333
Submitted evaluation job for attn_high with ID: 11541334
Job submission process completed.
Temporary job scripts are stored in: /tmp/tmp.Fl9x1NOKcs
You may delete this directory when all jobs have completed.
