Created temporary directory for job scripts: /tmp/tmp.CwDJBhUmE0
Submitting job: sbatch /tmp/tmp.CwDJBhUmE0/run_baseline.sh
Submitted job baseline with ID: 11529652
Submitting job: sbatch /tmp/tmp.CwDJBhUmE0/run_latent_64.sh
Submitted job latent_64 with ID: 11529653
Submitting job: sbatch /tmp/tmp.CwDJBhUmE0/run_latent_16.sh
Submitted job latent_16 with ID: 11529654
Submitting job: sbatch /tmp/tmp.CwDJBhUmE0/run_codebook_128.sh
Submitted job codebook_128 with ID: 11529655
Submitting job: sbatch /tmp/tmp.CwDJBhUmE0/run_codebook_32.sh
Submitted job codebook_32 with ID: 11529656
Submitting job: sbatch /tmp/tmp.CwDJBhUmE0/run_lr_low.sh
Submitted job lr_low with ID: 11529657
Submitting job: sbatch /tmp/tmp.CwDJBhUmE0/run_lr_high.sh
Submitted job lr_high with ID: 11529658
Submitting job: sbatch /tmp/tmp.CwDJBhUmE0/run_disc_early.sh
Submitted job disc_early with ID: 11529659
Submitting job: sbatch /tmp/tmp.CwDJBhUmE0/run_disc_none.sh
Submitted job disc_none with ID: 11529660
Submitting job: sbatch /tmp/tmp.CwDJBhUmE0/run_spec_norm_disc.sh
Submitted job spec_norm_disc with ID: 11529661
Submitting job: sbatch /tmp/tmp.CwDJBhUmE0/run_spec_norm_half_disc.sh
Submitted job spec_norm_half_disc with ID: 11529662
Submitting job: sbatch /tmp/tmp.CwDJBhUmE0/run_spec_norm_no_disc.sh
Submitted job spec_norm_no_disc with ID: 11529663
Submitting job: sbatch /tmp/tmp.CwDJBhUmE0/run_net_med.sh
Submitted job net_med with ID: 11529664
Submitting job: sbatch /tmp/tmp.CwDJBhUmE0/run_net_hybrid.sh
Submitted job net_hybrid with ID: 11529665
Submitting job: sbatch /tmp/tmp.CwDJBhUmE0/run_net_small.sh
Submitted job net_small with ID: 11529666
Submitting job: sbatch /tmp/tmp.CwDJBhUmE0/run_res_more.sh
Submitted job res_more with ID: 11529667
Submitting job: sbatch /tmp/tmp.CwDJBhUmE0/run_res_less.sh
Submitted job res_less with ID: 11529668
Submitting job: sbatch /tmp/tmp.CwDJBhUmE0/run_attn_med.sh
Submitted job attn_med with ID: 11529669
Submitting job: sbatch /tmp/tmp.CwDJBhUmE0/run_attn_high.sh
Submitted job attn_high with ID: 11529670
Job submission process completed.
Temporary job scripts are stored in: /tmp/tmp.CwDJBhUmE0
You may delete this directory when all jobs have completed.
